0 info it worked if it ends with ok
1 verbose cli [ 'node', '/usr/local/bin/npm', 'publish', './' ]
2 info using npm@2.1.9
3 info using node@v0.10.33
4 verbose node symlink /usr/local/bin/node
5 verbose publish [ './' ]
6 verbose stack Error: No version provided
6 verbose stack     at /usr/local/lib/node_modules/npm/lib/publish.js:43:36
6 verbose stack     at /usr/local/lib/node_modules/npm/node_modules/read-package-json/read-json.js:51:40
6 verbose stack     at final (/usr/local/lib/node_modules/npm/node_modules/read-package-json/read-json.js:349:17)
6 verbose stack     at then (/usr/local/lib/node_modules/npm/node_modules/read-package-json/read-json.js:126:33)
6 verbose stack     at /usr/local/lib/node_modules/npm/node_modules/read-package-json/read-json.js:331:40
6 verbose stack     at evalmachine.<anonymous>:271:14
6 verbose stack     at /usr/local/lib/node_modules/npm/node_modules/graceful-fs/graceful-fs.js:102:5
6 verbose stack     at Object.oncomplete (evalmachine.<anonymous>:107:15)
7 verbose cwd /Volumes/Users/jeeeyul/Workspaces/jeeeyul@github.com/jeeebot
8 error Darwin 14.1.0
9 error argv "node" "/usr/local/bin/npm" "publish" "./"
10 error node v0.10.33
11 error npm  v2.1.9
12 error No version provided
13 error If you need help, you may report this error at:
13 error     <http://github.com/npm/npm/issues>
14 verbose exit [ 1, true ]
